<?xml version="1.0" encoding="UTF-8"?>
<testng-results skipped="0" failed="1" ignored="2" total="5" passed="2">
  <reporter-output>
  </reporter-output>
  <suite name="Nopcommerce" duration-ms="17700" started-at="2020-08-19T04:34:14 EET" finished-at="2020-08-19T04:34:31 EET">
    <groups>
      <group name="cucumber">
        <method signature="AbstractTestNGCucumberTests.runScenario(io.cucumber.testng.PickleWrapper, io.cucumber.testng.FeatureWrapper)[pri:0, instance:testcases.ChangeCurrency@5bb21b69]" name="runScenario" class="io.cucumber.testng.AbstractTestNGCucumberTests"/>
        <method signature="AbstractTestNGCucumberTests.runScenario(io.cucumber.testng.PickleWrapper, io.cucumber.testng.FeatureWrapper)[pri:0, instance:testcases.ContactUS@6b9651f3]" name="runScenario" class="io.cucumber.testng.AbstractTestNGCucumberTests"/>
      </group> <!-- cucumber -->
    </groups>
    <test name="startTesting" duration-ms="17700" started-at="2020-08-19T04:34:14 EET" finished-at="2020-08-19T04:34:31 EET">
      <class name="testcases.ChangeCurrency">
        <test-method status="PASS" signature="startDriver(java.lang.String)[pri:0, instance:testcases.ChangeCurrency@5bb21b69]" name="startDriver" is-config="true" duration-ms="21473" started-at="2020-08-19T04:33:52 EET" finished-at="2020-08-19T04:34:14 EET">
          <params>
            <param index="0">
              <value>
                <![CDATA[headless]]>
              </value>
            </param>
          </params>
          <reporter-output>
          </reporter-output>
        </test-method> <!-- startDriver -->
        <test-method status="PASS" signature="setUpClass()[pri:0, instance:testcases.ChangeCurrency@5bb21b69]" name="setUpClass" is-config="true" duration-ms="268" started-at="2020-08-19T04:34:14 EET" finished-at="2020-08-19T04:34:14 EET">
          <reporter-output>
          </reporter-output>
        </test-method> <!-- setUpClass -->
        <test-method status="PASS" signature="changeCurrency()[pri:0, instance:testcases.ChangeCurrency@5bb21b69]" name="changeCurrency" duration-ms="2656" started-at="2020-08-19T04:34:14 EET" finished-at="2020-08-19T04:34:16 EET">
          <reporter-output>
          </reporter-output>
        </test-method> <!-- changeCurrency -->
        <test-method status="PASS" signature="screenshootonfailure(org.testng.ITestResult)[pri:0, instance:testcases.ChangeCurrency@5bb21b69]" name="screenshootonfailure" is-config="true" duration-ms="1" started-at="2020-08-19T04:34:17 EET" finished-at="2020-08-19T04:34:17 EET">
          <params>
            <param index="0">
              <value>
                <![CDATA[[TestResult name=changeCurrency status=SUCCESS method=ChangeCurrency.changeCurrency()[pri:0, instance:testcases.ChangeCurrency@5bb21b69] output={null}]]]>
              </value>
            </param>
          </params>
          <reporter-output>
          </reporter-output>
        </test-method> <!-- screenshootonfailure -->
        <test-method status="FAIL" signature="searchItems()[pri:2, instance:testcases.ChangeCurrency@5bb21b69]" name="searchItems" duration-ms="5199" started-at="2020-08-19T04:34:24 EET" finished-at="2020-08-19T04:34:29 EET">
          <exception class="java.lang.AssertionError">
            <message>
              <![CDATA[expected [true] but found [false]]]>
            </message>
            <full-stacktrace>
              <![CDATA[java.lang.AssertionError: expected [true] but found [false]
at org.testng.Assert.fail(Assert.java:97)
at org.testng.Assert.failNotEquals(Assert.java:968)
at org.testng.Assert.assertTrue(Assert.java:43)
at org.testng.Assert.assertTrue(Assert.java:53)
at testcases.ChangeCurrency.searchItems(ChangeCurrency.java:33)
at sun.reflect.NativeMethodAccessorImpl.invoke0(Native Method)
at sun.reflect.NativeMethodAccessorImpl.invoke(Unknown Source)
at sun.reflect.DelegatingMethodAccessorImpl.invoke(Unknown Source)
at java.lang.reflect.Method.invoke(Unknown Source)
at org.testng.internal.MethodInvocationHelper.invokeMethod(MethodInvocationHelper.java:135)
at org.testng.internal.TestInvoker.invokeMethod(TestInvoker.java:598)
at org.testng.internal.TestInvoker.invokeTestMethod(TestInvoker.java:174)
at org.testng.internal.MethodRunner.runInSequence(MethodRunner.java:46)
at org.testng.internal.TestInvoker$MethodInvocationAgent.invoke(TestInvoker.java:821)
at org.testng.internal.TestInvoker.invokeTestMethods(TestInvoker.java:147)
at org.testng.internal.TestMethodWorker.invokeTestMethods(TestMethodWorker.java:146)
at org.testng.internal.TestMethodWorker.run(TestMethodWorker.java:128)
at java.util.ArrayList.forEach(Unknown Source)
at org.testng.TestRunner.privateRun(TestRunner.java:767)
at org.testng.TestRunner.run(TestRunner.java:588)
at org.testng.SuiteRunner.runTest(SuiteRunner.java:384)
at org.testng.SuiteRunner.runSequentially(SuiteRunner.java:378)
at org.testng.SuiteRunner.privateRun(SuiteRunner.java:337)
at org.testng.SuiteRunner.run(SuiteRunner.java:286)
at org.testng.SuiteRunnerWorker.runSuite(SuiteRunnerWorker.java:53)
at org.testng.SuiteRunnerWorker.run(SuiteRunnerWorker.java:96)
at org.testng.TestNG.runSuitesSequentially(TestNG.java:1214)
at org.testng.TestNG.runSuitesLocally(TestNG.java:1136)
at org.testng.TestNG.runSuites(TestNG.java:1066)
at org.testng.TestNG.run(TestNG.java:1034)
at org.testng.remote.AbstractRemoteTestNG.run(AbstractRemoteTestNG.java:115)
at org.testng.remote.RemoteTestNG.initAndRun(RemoteTestNG.java:251)
at org.testng.remote.RemoteTestNG.main(RemoteTestNG.java:77)
]]>
            </full-stacktrace>
          </exception> <!-- java.lang.AssertionError -->
          <reporter-output>
          </reporter-output>
        </test-method> <!-- searchItems -->
        <test-method status="PASS" signature="screenshootonfailure(org.testng.ITestResult)[pri:0, instance:testcases.ChangeCurrency@5bb21b69]" name="screenshootonfailure" is-config="true" duration-ms="533" started-at="2020-08-19T04:34:29 EET" finished-at="2020-08-19T04:34:30 EET">
          <params>
            <param index="0">
              <value>
                <![CDATA[[TestResult name=searchItems status=FAILURE method=ChangeCurrency.searchItems()[pri:2, instance:testcases.ChangeCurrency@5bb21b69] output={null}]]]>
              </value>
            </param>
          </params>
          <reporter-output>
          </reporter-output>
        </test-method> <!-- screenshootonfailure -->
        <test-method status="PASS" signature="navigateToHome()[pri:0, instance:testcases.ChangeCurrency@5bb21b69]" name="navigateToHome" is-config="true" duration-ms="1543" started-at="2020-08-19T04:34:30 EET" finished-at="2020-08-19T04:34:31 EET">
          <reporter-output>
          </reporter-output>
        </test-method> <!-- navigateToHome -->
        <test-method status="PASS" signature="tearDownClass()[pri:0, instance:testcases.ChangeCurrency@5bb21b69]" name="tearDownClass" is-config="true" duration-ms="1" started-at="2020-08-19T04:34:31 EET" finished-at="2020-08-19T04:34:31 EET">
          <reporter-output>
          </reporter-output>
        </test-method> <!-- tearDownClass -->
        <test-method status="PASS" signature="CloseDriver()[pri:0, instance:testcases.ChangeCurrency@5bb21b69]" name="CloseDriver" is-config="true" duration-ms="0" started-at="2020-08-19T04:34:31 EET" finished-at="2020-08-19T04:34:31 EET">
          <reporter-output>
          </reporter-output>
        </test-method> <!-- CloseDriver -->
      </class> <!-- testcases.ChangeCurrency -->
      <class name="testcases.ContactUS">
        <test-method status="PASS" signature="setUpClass()[pri:0, instance:testcases.ContactUS@6b9651f3]" name="setUpClass" is-config="true" duration-ms="7" started-at="2020-08-19T04:34:17 EET" finished-at="2020-08-19T04:34:17 EET">
          <reporter-output>
          </reporter-output>
        </test-method> <!-- setUpClass -->
        <test-method status="PASS" signature="sendcontactusdata()[pri:0, instance:testcases.ContactUS@6b9651f3]" name="sendcontactusdata" duration-ms="5853" started-at="2020-08-19T04:34:17 EET" finished-at="2020-08-19T04:34:22 EET">
          <reporter-output>
          </reporter-output>
        </test-method> <!-- sendcontactusdata -->
        <test-method status="PASS" signature="screenshootonfailure(org.testng.ITestResult)[pri:0, instance:testcases.ContactUS@6b9651f3]" name="screenshootonfailure" is-config="true" duration-ms="1" started-at="2020-08-19T04:34:22 EET" finished-at="2020-08-19T04:34:22 EET">
          <params>
            <param index="0">
              <value>
                <![CDATA[[TestResult name=sendcontactusdata status=SUCCESS method=ContactUS.sendcontactusdata()[pri:0, instance:testcases.ContactUS@6b9651f3] output={null}]]]>
              </value>
            </param>
          </params>
          <reporter-output>
          </reporter-output>
        </test-method> <!-- screenshootonfailure -->
        <test-method status="PASS" signature="navigateToHome()[pri:0, instance:testcases.ContactUS@6b9651f3]" name="navigateToHome" is-config="true" duration-ms="1567" started-at="2020-08-19T04:34:22 EET" finished-at="2020-08-19T04:34:24 EET">
          <reporter-output>
          </reporter-output>
        </test-method> <!-- navigateToHome -->
        <test-method status="PASS" signature="tearDownClass()[pri:0, instance:testcases.ContactUS@6b9651f3]" name="tearDownClass" is-config="true" duration-ms="8" started-at="2020-08-19T04:34:24 EET" finished-at="2020-08-19T04:34:24 EET">
          <reporter-output>
          </reporter-output>
        </test-method> <!-- tearDownClass -->
      </class> <!-- testcases.ContactUS -->
    </test> <!-- startTesting -->
  </suite> <!-- Nopcommerce -->
</testng-results>
