<?xml version="1.0" encoding="UTF-8"?>
<!-- Generated by org.testng.reporters.JUnitReportReporter -->
<testsuite skipped="4" hostname="User-PC" name="testcases.UserRegWithDDT" tests="5" failures="0" timestamp="2020-08-11T00:38:45 EET" time="10.511" errors="1">
  <testcase name="startDriver" time="10.511" classname="testcases.UserRegWithDDT">
    <error type="org.openqa.selenium.SessionNotCreatedException" message="session not created
from chrome not reachable
  (Session info: chrome=84.0.4147.105)
Build info: version: &#039;3.8.1&#039;, revision: &#039;6e95a6684b&#039;, time: &#039;2017-12-01T18:33:54.468Z&#039;
System info: host: &#039;USER-PC&#039;, ip: &#039;192.168.85.1&#039;, os.name: &#039;Windows 10&#039;, os.arch: &#039;amd64&#039;, os.version: &#039;10.0&#039;, java.version: &#039;1.8.0_251&#039;
Driver info: driver.version: ChromeDriver
remote stacktrace: Backtrace:
	Ordinal0 [0x01189563+2725219]
	Ordinal0 [0x01088551+1672529]
	Ordinal0 [0x00F70202+524802]
	Ordinal0 [0x00F699B2+498098]
	Ordinal0 [0x00F6A09B+499867]
	Ordinal0 [0x00F6AFF5+503797]
	Ordinal0 [0x00F66994+485780]
	Ordinal0 [0x00F70FF0+528368]
	Ordinal0 [0x00F1D6C9+186057]
	Ordinal0 [0x00F1CA3D+182845]
	Ordinal0 [0x00F1A94B+174411]
	Ordinal0 [0x00F02528+75048]
	Ordinal0 [0x00F035A0+79264]
	Ordinal0 [0x00F03539+79161]
	Ordinal0 [0x0109D607+1758727]
	GetHandleVerifier [0x012A6546+1050150]
	GetHandleVerifier [0x012A6291+1049457]
	GetHandleVerifier [0x012B10D7+1094071]
	GetHandleVerifier [0x012A6B46+1051686]
	Ordinal0 [0x01095B06+1727238]
	Ordinal0 [0x0109EB7B+1764219]
	Ordinal0 [0x0109ECE3+1764579]
	Ordinal0 [0x010B4C05+1854469]
	BaseThreadInitThunk [0x76DA6359+25]
	RtlGetAppContainerNamedObjectPath [0x77807C24+228]
	RtlGetAppContainerNamedObjectPath [0x77807BF4+180]
">
      <![CDATA[org.openqa.selenium.SessionNotCreatedException: session not created
from chrome not reachable
  (Session info: chrome=84.0.4147.105)
Build info: version: '3.8.1', revision: '6e95a6684b', time: '2017-12-01T18:33:54.468Z'
System info: host: 'USER-PC', ip: '192.168.85.1', os.name: 'Windows 10', os.arch: 'amd64', os.version: '10.0', java.version: '1.8.0_251'
Driver info: driver.version: ChromeDriver
remote stacktrace: Backtrace:
Ordinal0 [0x01189563+2725219]
Ordinal0 [0x01088551+1672529]
Ordinal0 [0x00F70202+524802]
Ordinal0 [0x00F699B2+498098]
Ordinal0 [0x00F6A09B+499867]
Ordinal0 [0x00F6AFF5+503797]
Ordinal0 [0x00F66994+485780]
Ordinal0 [0x00F70FF0+528368]
Ordinal0 [0x00F1D6C9+186057]
Ordinal0 [0x00F1CA3D+182845]
Ordinal0 [0x00F1A94B+174411]
Ordinal0 [0x00F02528+75048]
Ordinal0 [0x00F035A0+79264]
Ordinal0 [0x00F03539+79161]
Ordinal0 [0x0109D607+1758727]
GetHandleVerifier [0x012A6546+1050150]
GetHandleVerifier [0x012A6291+1049457]
GetHandleVerifier [0x012B10D7+1094071]
GetHandleVerifier [0x012A6B46+1051686]
Ordinal0 [0x01095B06+1727238]
Ordinal0 [0x0109EB7B+1764219]
Ordinal0 [0x0109ECE3+1764579]
Ordinal0 [0x010B4C05+1854469]
BaseThreadInitThunk [0x76DA6359+25]
RtlGetAppContainerNamedObjectPath [0x77807C24+228]
RtlGetAppContainerNamedObjectPath [0x77807BF4+180]

at sun.reflect.NativeConstructorAccessorImpl.newInstance0(Native Method)
at sun.reflect.NativeConstructorAccessorImpl.newInstance(Unknown Source)
at sun.reflect.DelegatingConstructorAccessorImpl.newInstance(Unknown Source)
at java.lang.reflect.Constructor.newInstance(Unknown Source)
at org.openqa.selenium.remote.W3CHandshakeResponse.lambda$new$0(W3CHandshakeResponse.java:57)
at org.openqa.selenium.remote.W3CHandshakeResponse.lambda$getResponseFunction$2(W3CHandshakeResponse.java:104)
at org.openqa.selenium.remote.ProtocolHandshake.lambda$createSession$0(ProtocolHandshake.java:123)
at java.util.stream.ReferencePipeline$3$1.accept(Unknown Source)
at java.util.Spliterators$ArraySpliterator.tryAdvance(Unknown Source)
at java.util.stream.ReferencePipeline.forEachWithCancel(Unknown Source)
at java.util.stream.AbstractPipeline.copyIntoWithCancel(Unknown Source)
at java.util.stream.AbstractPipeline.copyInto(Unknown Source)
at java.util.stream.AbstractPipeline.wrapAndCopyInto(Unknown Source)
at java.util.stream.FindOps$FindOp.evaluateSequential(Unknown Source)
at java.util.stream.AbstractPipeline.evaluate(Unknown Source)
at java.util.stream.ReferencePipeline.findFirst(Unknown Source)
at org.openqa.selenium.remote.ProtocolHandshake.createSession(ProtocolHandshake.java:126)
at org.openqa.selenium.remote.ProtocolHandshake.createSession(ProtocolHandshake.java:73)
at org.openqa.selenium.remote.HttpCommandExecutor.execute(HttpCommandExecutor.java:142)
at org.openqa.selenium.remote.service.DriverCommandExecutor.execute(DriverCommandExecutor.java:83)
at org.openqa.selenium.remote.RemoteWebDriver.execute(RemoteWebDriver.java:601)
at org.openqa.selenium.remote.RemoteWebDriver.startSession(RemoteWebDriver.java:219)
at org.openqa.selenium.remote.RemoteWebDriver.<init>(RemoteWebDriver.java:142)
at org.openqa.selenium.chrome.ChromeDriver.<init>(ChromeDriver.java:181)
at org.openqa.selenium.chrome.ChromeDriver.<init>(ChromeDriver.java:168)
at org.openqa.selenium.chrome.ChromeDriver.<init>(ChromeDriver.java:157)
at testcases.TestBase.startDriver(TestBase.java:61)
at sun.reflect.NativeMethodAccessorImpl.invoke0(Native Method)
at sun.reflect.NativeMethodAccessorImpl.invoke(Unknown Source)
at sun.reflect.DelegatingMethodAccessorImpl.invoke(Unknown Source)
at java.lang.reflect.Method.invoke(Unknown Source)
at org.testng.internal.MethodInvocationHelper.invokeMethod(MethodInvocationHelper.java:134)
at org.testng.internal.MethodInvocationHelper.invokeMethodConsideringTimeout(MethodInvocationHelper.java:63)
at org.testng.internal.ConfigInvoker.invokeConfigurationMethod(ConfigInvoker.java:348)
at org.testng.internal.ConfigInvoker.invokeConfigurations(ConfigInvoker.java:302)
at org.testng.SuiteRunner.privateRun(SuiteRunner.java:327)
at org.testng.SuiteRunner.run(SuiteRunner.java:286)
at org.testng.SuiteRunnerWorker.runSuite(SuiteRunnerWorker.java:53)
at org.testng.SuiteRunnerWorker.run(SuiteRunnerWorker.java:96)
at org.testng.TestNG.runSuitesSequentially(TestNG.java:1187)
at org.testng.TestNG.runSuitesLocally(TestNG.java:1109)
at org.testng.TestNG.runSuites(TestNG.java:1039)
at org.testng.TestNG.run(TestNG.java:1007)
at org.testng.remote.AbstractRemoteTestNG.run(AbstractRemoteTestNG.java:115)
at org.testng.remote.RemoteTestNG.initAndRun(RemoteTestNG.java:251)
at org.testng.remote.RemoteTestNG.main(RemoteTestNG.java:77)
]]>
    </error>
  </testcase> <!-- startDriver -->
  <system-out/>
  <testcase name="successfullRegisteration" time="0.000" classname="testcases.UserRegWithDDT">
    <skipped/>
  </testcase> <!-- successfullRegisteration -->
  <system-out/>
  <testcase name="successfullRegisteration" time="0.000" classname="testcases.UserRegWithDDT">
    <skipped/>
  </testcase> <!-- successfullRegisteration -->
  <system-out/>
  <testcase name="successfullRegisteration" time="0.000" classname="testcases.UserRegWithDDT">
    <skipped/>
  </testcase> <!-- successfullRegisteration -->
  <system-out/>
  <testcase name="successfullRegisteration" time="0.000" classname="testcases.UserRegWithDDT">
    <skipped/>
  </testcase> <!-- successfullRegisteration -->
  <system-out/>
</testsuite> <!-- testcases.UserRegWithDDT -->
